11:31:54 INFO  : updated workspace path: C:\Users\lucmb\Desktop\school\jaar_4\KBS\ClimbingGameSoftware
11:31:56 INFO  : Successfully created repository data at C:\Users\lucmb\AppData\Local\Temp\rigel_lopper_lucmb13501122227474474688
11:31:56 INFO  : cmd.exe, /C, C:\Xilinx\Vitis\2024.1\tps\win64\lopper-1.1.0\env\Scripts\activate.bat && python C:\Xilinx\Vitis\2024.1\data\embeddedsw\scripts\pyesw\\get_template_data.py -d C:\Users\lucmb\AppData\Local\Temp\rigel_lopper_lucmb11026086776824955219 -r C:\Users\lucmb\AppData\Local\Temp\rigel_lopper_lucmb13501122227474474688\.repo.yaml && C:\Xilinx\Vitis\2024.1\tps\win64\lopper-1.1.0\env\Scripts\deactivate.bat
11:31:56 INFO  : Embedded Template List generated successfully
11:31:56 INFO  : cmd.exe, /C, C:\Xilinx\Vitis\2024.1\tps\win64\lopper-1.1.0\env\Scripts\activate.bat && python C:\Xilinx\Vitis\2024.1\data\embeddedsw\scripts\pyesw\\repo.py -st   C:\Xilinx\Vitis\2024.1\data\embeddedsw && C:\Xilinx\Vitis\2024.1\tps\win64\lopper-1.1.0\env\Scripts\deactivate.bat
11:31:59 INFO  : XSDB server has started successfully from frontend.
11:31:59 INFO  : It has taken  4secs.
11:31:59 INFO  : Successfully created repository data at C:\Users\lucmb\Desktop\school\jaar_4\KBS\ClimbingGameSoftware/.wsdata
11:31:59 INFO  : cmd.exe, /C, C:\Xilinx\Vitis\2024.1\tps\win64\lopper-1.1.0\env\Scripts\activate.bat && python C:\Xilinx\Vitis\2024.1\data\embeddedsw\scripts\pyesw\\get_template_data.py -d C:\Users\lucmb\AppData\Local\Temp\rigel_lopper_lucmb14090408642885673000 -r C:\Users\lucmb\Desktop\school\jaar_4\KBS\ClimbingGameSoftware\.wsdata\.repo.yaml && C:\Xilinx\Vitis\2024.1\tps\win64\lopper-1.1.0\env\Scripts\deactivate.bat
11:32:00 INFO  : Embedded Template List generated successfully
11:32:00 INFO  : Connection to XSDB Server established.
11:32:00 INFO  : It has taken  1secs.
11:32:00 INFO  : Done
11:32:00 ERROR : Failed to openhw "C:/Users/lucmb/Desktop/school/jaar_4/KBS/ClimbingGameSoftware/blauw/hw/Board.xsa"
Reason: ERROR: [Common 17-39] 'hsi::open_hw_design' failed due to earlier errors.

11:32:50 INFO  : cmd.exe, /C, C:\Xilinx\Vitis\2024.1\tps\win64\lopper-1.1.0\env\Scripts\activate.bat && python C:\Xilinx\Vitis\2024.1\data\embeddedsw\scripts\pyesw\\get_template_data.py -d C:\Users\lucmb\AppData\Local\Temp\rigel_lopper_lucmb14370198104152924095 -r C:\Users\lucmb\Desktop\school\jaar_4\KBS\ClimbingGameSoftware\.wsdata\.repo.yaml && C:\Xilinx\Vitis\2024.1\tps\win64\lopper-1.1.0\env\Scripts\deactivate.bat
11:32:50 INFO  : created .gitignore file for the project C:\Users\lucmb\Desktop\school\jaar_4\KBS\ClimbingGameSoftware\blauw
11:32:50 ERROR : Cannot save peer list
java.io.FileNotFoundException: C:\Users\lucmb\Desktop\school\jaar_4\KBS\ClimbingGameSoftware\blauw\.wsdata\.peers.ini (The system cannot find the path specified)
	at java.io.FileOutputStream.open0(Native Method) ~[?:?]
	at java.io.FileOutputStream.open(FileOutputStream.java:298) ~[?:?]
	at java.io.FileOutputStream.<init>(FileOutputStream.java:237) ~[?:?]
	at java.io.FileOutputStream.<init>(FileOutputStream.java:187) ~[?:?]
	at com.xilinx.rigel.debug.tcf.targets.TCFUserDefPeer.savePeers(TCFUserDefPeer.java:151) [rigel_server-1.0.0-161.jar:?]
	at com.xilinx.rigel.debug.tcf.targets.PeerUtil.createPeerWithAttrs(PeerUtil.java:247) [rigel_server-1.0.0-161.jar:?]
	at com.xilinx.rigel.debug.tcf.targets.PeerUtil.createPeerWithAttrs(PeerUtil.java:241) [rigel_server-1.0.0-161.jar:?]
	at com.xilinx.rigel.debug.tcf.targets.PeerUtil.createDefaultPeers(PeerUtil.java:175) [rigel_server-1.0.0-161.jar:?]
	at com.xilinx.rigel.debug.tcf.targets.TCFUserDefPeer.loadPeers(TCFUserDefPeer.java:116) [rigel_server-1.0.0-161.jar:?]
	at com.xilinx.rigel.services.debugger.DebuggerService$4.run(DebuggerService.java:371) [rigel_server-1.0.0-161.jar:?]
	at org.eclipse.tcf.init.EventQueue.run(EventQueue.java:68) [rigel_server-1.0.0-161.jar:?]
	at java.lang.Thread.run(Thread.java:829) [?:?]
11:32:50 ERROR : Cannot save peer list
java.io.FileNotFoundException: C:\Users\lucmb\Desktop\school\jaar_4\KBS\ClimbingGameSoftware\blauw\.wsdata\.peers.ini (The system cannot find the path specified)
	at java.io.FileOutputStream.open0(Native Method) ~[?:?]
	at java.io.FileOutputStream.open(FileOutputStream.java:298) ~[?:?]
	at java.io.FileOutputStream.<init>(FileOutputStream.java:237) ~[?:?]
	at java.io.FileOutputStream.<init>(FileOutputStream.java:187) ~[?:?]
	at com.xilinx.rigel.debug.tcf.targets.TCFUserDefPeer.savePeers(TCFUserDefPeer.java:151) [rigel_server-1.0.0-161.jar:?]
	at com.xilinx.rigel.debug.tcf.targets.PeerUtil.createPeerWithAttrs(PeerUtil.java:247) [rigel_server-1.0.0-161.jar:?]
	at com.xilinx.rigel.debug.tcf.targets.PeerUtil.createPeerWithAttrs(PeerUtil.java:241) [rigel_server-1.0.0-161.jar:?]
	at com.xilinx.rigel.debug.tcf.targets.PeerUtil.createDefaultPeers(PeerUtil.java:181) [rigel_server-1.0.0-161.jar:?]
	at com.xilinx.rigel.debug.tcf.targets.TCFUserDefPeer.loadPeers(TCFUserDefPeer.java:116) [rigel_server-1.0.0-161.jar:?]
	at com.xilinx.rigel.services.debugger.DebuggerService$4.run(DebuggerService.java:371) [rigel_server-1.0.0-161.jar:?]
	at org.eclipse.tcf.init.EventQueue.run(EventQueue.java:68) [rigel_server-1.0.0-161.jar:?]
	at java.lang.Thread.run(Thread.java:829) [?:?]
11:32:50 ERROR : Cannot save peer list
java.io.FileNotFoundException: C:\Users\lucmb\Desktop\school\jaar_4\KBS\ClimbingGameSoftware\blauw\.wsdata\.peers.ini (The system cannot find the path specified)
	at java.io.FileOutputStream.open0(Native Method) ~[?:?]
	at java.io.FileOutputStream.open(FileOutputStream.java:298) ~[?:?]
	at java.io.FileOutputStream.<init>(FileOutputStream.java:237) ~[?:?]
	at java.io.FileOutputStream.<init>(FileOutputStream.java:187) ~[?:?]
	at com.xilinx.rigel.debug.tcf.targets.TCFUserDefPeer.savePeers(TCFUserDefPeer.java:151) [rigel_server-1.0.0-161.jar:?]
	at com.xilinx.rigel.debug.tcf.targets.PeerUtil.createPeerWithAttrs(PeerUtil.java:247) [rigel_server-1.0.0-161.jar:?]
	at com.xilinx.rigel.debug.tcf.targets.PeerUtil.createPeerWithAttrs(PeerUtil.java:241) [rigel_server-1.0.0-161.jar:?]
	at com.xilinx.rigel.debug.tcf.targets.PeerUtil.createDefaultPeers(PeerUtil.java:187) [rigel_server-1.0.0-161.jar:?]
	at com.xilinx.rigel.debug.tcf.targets.TCFUserDefPeer.loadPeers(TCFUserDefPeer.java:116) [rigel_server-1.0.0-161.jar:?]
	at com.xilinx.rigel.services.debugger.DebuggerService$4.run(DebuggerService.java:371) [rigel_server-1.0.0-161.jar:?]
	at org.eclipse.tcf.init.EventQueue.run(EventQueue.java:68) [rigel_server-1.0.0-161.jar:?]
	at java.lang.Thread.run(Thread.java:829) [?:?]
11:32:50 ERROR : Cannot save peer list
java.io.FileNotFoundException: C:\Users\lucmb\Desktop\school\jaar_4\KBS\ClimbingGameSoftware\blauw\.wsdata\.peers.ini (The system cannot find the path specified)
	at java.io.FileOutputStream.open0(Native Method) ~[?:?]
	at java.io.FileOutputStream.open(FileOutputStream.java:298) ~[?:?]
	at java.io.FileOutputStream.<init>(FileOutputStream.java:237) ~[?:?]
	at java.io.FileOutputStream.<init>(FileOutputStream.java:187) ~[?:?]
	at com.xilinx.rigel.debug.tcf.targets.TCFUserDefPeer.savePeers(TCFUserDefPeer.java:151) [rigel_server-1.0.0-161.jar:?]
	at com.xilinx.rigel.debug.tcf.targets.PeerUtil.createPeerWithAttrs(PeerUtil.java:247) [rigel_server-1.0.0-161.jar:?]
	at com.xilinx.rigel.debug.tcf.targets.PeerUtil.createPeerWithAttrs(PeerUtil.java:241) [rigel_server-1.0.0-161.jar:?]
	at com.xilinx.rigel.debug.tcf.targets.PeerUtil.createDefaultPeers(PeerUtil.java:193) [rigel_server-1.0.0-161.jar:?]
	at com.xilinx.rigel.debug.tcf.targets.TCFUserDefPeer.loadPeers(TCFUserDefPeer.java:116) [rigel_server-1.0.0-161.jar:?]
	at com.xilinx.rigel.services.debugger.DebuggerService$4.run(DebuggerService.java:371) [rigel_server-1.0.0-161.jar:?]
	at org.eclipse.tcf.init.EventQueue.run(EventQueue.java:68) [rigel_server-1.0.0-161.jar:?]
	at java.lang.Thread.run(Thread.java:829) [?:?]
11:32:50 ERROR : Cannot save peer list
java.io.FileNotFoundException: C:\Users\lucmb\Desktop\school\jaar_4\KBS\ClimbingGameSoftware\blauw\.wsdata\.peers.ini (The system cannot find the path specified)
	at java.io.FileOutputStream.open0(Native Method) ~[?:?]
	at java.io.FileOutputStream.open(FileOutputStream.java:298) ~[?:?]
	at java.io.FileOutputStream.<init>(FileOutputStream.java:237) ~[?:?]
	at java.io.FileOutputStream.<init>(FileOutputStream.java:187) ~[?:?]
	at com.xilinx.rigel.debug.tcf.targets.TCFUserDefPeer.savePeers(TCFUserDefPeer.java:151) [rigel_server-1.0.0-161.jar:?]
	at com.xilinx.rigel.debug.tcf.targets.PeerUtil.createPeerWithAttrs(PeerUtil.java:247) [rigel_server-1.0.0-161.jar:?]
	at com.xilinx.rigel.debug.tcf.targets.PeerUtil.createPeerWithAttrs(PeerUtil.java:241) [rigel_server-1.0.0-161.jar:?]
	at com.xilinx.rigel.debug.tcf.targets.PeerUtil.createDefaultPeers(PeerUtil.java:199) [rigel_server-1.0.0-161.jar:?]
	at com.xilinx.rigel.debug.tcf.targets.TCFUserDefPeer.loadPeers(TCFUserDefPeer.java:116) [rigel_server-1.0.0-161.jar:?]
	at com.xilinx.rigel.services.debugger.DebuggerService$4.run(DebuggerService.java:371) [rigel_server-1.0.0-161.jar:?]
	at org.eclipse.tcf.init.EventQueue.run(EventQueue.java:68) [rigel_server-1.0.0-161.jar:?]
	at java.lang.Thread.run(Thread.java:829) [?:?]
11:32:50 ERROR : Cannot save peer list
java.io.FileNotFoundException: C:\Users\lucmb\Desktop\school\jaar_4\KBS\ClimbingGameSoftware\blauw\.wsdata\.peers.ini (The system cannot find the path specified)
	at java.io.FileOutputStream.open0(Native Method) ~[?:?]
	at java.io.FileOutputStream.open(FileOutputStream.java:298) ~[?:?]
	at java.io.FileOutputStream.<init>(FileOutputStream.java:237) ~[?:?]
	at java.io.FileOutputStream.<init>(FileOutputStream.java:187) ~[?:?]
	at com.xilinx.rigel.debug.tcf.targets.TCFUserDefPeer.savePeers(TCFUserDefPeer.java:151) ~[rigel_server-1.0.0-161.jar:?]
	at com.xilinx.rigel.debug.tcf.targets.TCFUserDefPeer.lambda$modifyPeer$1(TCFUserDefPeer.java:68) ~[rigel_server-1.0.0-161.jar:?]
	at org.eclipse.tcf.protocol.Protocol.invokeAndWait(Protocol.java:220) [rigel_server-1.0.0-161.jar:?]
	at com.xilinx.rigel.debug.tcf.targets.TCFUserDefPeer.modifyPeer(TCFUserDefPeer.java:70) [rigel_server-1.0.0-161.jar:?]
	at com.xilinx.rigel.debug.tcf.targets.PeerUtil.createDefaultPeers(PeerUtil.java:205) [rigel_server-1.0.0-161.jar:?]
	at com.xilinx.rigel.debug.tcf.targets.TCFUserDefPeer.loadPeers(TCFUserDefPeer.java:116) [rigel_server-1.0.0-161.jar:?]
	at com.xilinx.rigel.services.debugger.DebuggerService$4.run(DebuggerService.java:371) [rigel_server-1.0.0-161.jar:?]
	at org.eclipse.tcf.init.EventQueue.run(EventQueue.java:68) [rigel_server-1.0.0-161.jar:?]
	at java.lang.Thread.run(Thread.java:829) [?:?]
11:32:50 INFO  : Marking the target connection as default Local
11:32:50 ERROR : Cannot save peer list
java.io.FileNotFoundException: C:\Users\lucmb\Desktop\school\jaar_4\KBS\ClimbingGameSoftware\blauw\.wsdata\.peers.ini (The system cannot find the path specified)
	at java.io.FileOutputStream.open0(Native Method) ~[?:?]
	at java.io.FileOutputStream.open(FileOutputStream.java:298) ~[?:?]
	at java.io.FileOutputStream.<init>(FileOutputStream.java:237) ~[?:?]
	at java.io.FileOutputStream.<init>(FileOutputStream.java:187) ~[?:?]
	at com.xilinx.rigel.debug.tcf.targets.TCFUserDefPeer.savePeers(TCFUserDefPeer.java:151) ~[rigel_server-1.0.0-161.jar:?]
	at com.xilinx.rigel.debug.tcf.targets.TCFUserDefPeer.lambda$modifyPeer$1(TCFUserDefPeer.java:68) ~[rigel_server-1.0.0-161.jar:?]
	at org.eclipse.tcf.protocol.Protocol.invokeAndWait(Protocol.java:220) [rigel_server-1.0.0-161.jar:?]
	at com.xilinx.rigel.debug.tcf.targets.TCFUserDefPeer.modifyPeer(TCFUserDefPeer.java:70) [rigel_server-1.0.0-161.jar:?]
	at com.xilinx.rigel.debug.tcf.targets.PeerUtil.createDefaultPeers(PeerUtil.java:206) [rigel_server-1.0.0-161.jar:?]
	at com.xilinx.rigel.debug.tcf.targets.TCFUserDefPeer.loadPeers(TCFUserDefPeer.java:116) [rigel_server-1.0.0-161.jar:?]
	at com.xilinx.rigel.services.debugger.DebuggerService$4.run(DebuggerService.java:371) [rigel_server-1.0.0-161.jar:?]
	at org.eclipse.tcf.init.EventQueue.run(EventQueue.java:68) [rigel_server-1.0.0-161.jar:?]
	at java.lang.Thread.run(Thread.java:829) [?:?]
11:32:50 INFO  : Marking the target connection as default Linux Agent
11:32:50 ERROR : Cannot save peer list
java.io.FileNotFoundException: C:\Users\lucmb\Desktop\school\jaar_4\KBS\ClimbingGameSoftware\blauw\.wsdata\.peers.ini (The system cannot find the path specified)
	at java.io.FileOutputStream.open0(Native Method) ~[?:?]
	at java.io.FileOutputStream.open(FileOutputStream.java:298) ~[?:?]
	at java.io.FileOutputStream.<init>(FileOutputStream.java:237) ~[?:?]
	at java.io.FileOutputStream.<init>(FileOutputStream.java:187) ~[?:?]
	at com.xilinx.rigel.debug.tcf.targets.TCFUserDefPeer.savePeers(TCFUserDefPeer.java:151) ~[rigel_server-1.0.0-161.jar:?]
	at com.xilinx.rigel.debug.tcf.targets.TCFUserDefPeer.lambda$modifyPeer$1(TCFUserDefPeer.java:68) ~[rigel_server-1.0.0-161.jar:?]
	at org.eclipse.tcf.protocol.Protocol.invokeAndWait(Protocol.java:220) [rigel_server-1.0.0-161.jar:?]
	at com.xilinx.rigel.debug.tcf.targets.TCFUserDefPeer.modifyPeer(TCFUserDefPeer.java:70) [rigel_server-1.0.0-161.jar:?]
	at com.xilinx.rigel.debug.tcf.targets.PeerUtil.createDefaultPeers(PeerUtil.java:207) [rigel_server-1.0.0-161.jar:?]
	at com.xilinx.rigel.debug.tcf.targets.TCFUserDefPeer.loadPeers(TCFUserDefPeer.java:116) [rigel_server-1.0.0-161.jar:?]
	at com.xilinx.rigel.services.debugger.DebuggerService$4.run(DebuggerService.java:371) [rigel_server-1.0.0-161.jar:?]
	at org.eclipse.tcf.init.EventQueue.run(EventQueue.java:68) [rigel_server-1.0.0-161.jar:?]
	at java.lang.Thread.run(Thread.java:829) [?:?]
11:32:50 INFO  : Marking the target connection as default XRTServer
11:32:50 ERROR : Cannot save peer list
java.io.FileNotFoundException: C:\Users\lucmb\Desktop\school\jaar_4\KBS\ClimbingGameSoftware\blauw\.wsdata\.peers.ini (The system cannot find the path specified)
	at java.io.FileOutputStream.open0(Native Method) ~[?:?]
	at java.io.FileOutputStream.open(FileOutputStream.java:298) ~[?:?]
	at java.io.FileOutputStream.<init>(FileOutputStream.java:237) ~[?:?]
	at java.io.FileOutputStream.<init>(FileOutputStream.java:187) ~[?:?]
	at com.xilinx.rigel.debug.tcf.targets.TCFUserDefPeer.savePeers(TCFUserDefPeer.java:151) ~[rigel_server-1.0.0-161.jar:?]
	at com.xilinx.rigel.debug.tcf.targets.TCFUserDefPeer.lambda$modifyPeer$1(TCFUserDefPeer.java:68) ~[rigel_server-1.0.0-161.jar:?]
	at org.eclipse.tcf.protocol.Protocol.invokeAndWait(Protocol.java:220) [rigel_server-1.0.0-161.jar:?]
	at com.xilinx.rigel.debug.tcf.targets.TCFUserDefPeer.modifyPeer(TCFUserDefPeer.java:70) [rigel_server-1.0.0-161.jar:?]
	at com.xilinx.rigel.debug.tcf.targets.PeerUtil.createDefaultPeers(PeerUtil.java:209) [rigel_server-1.0.0-161.jar:?]
	at com.xilinx.rigel.debug.tcf.targets.TCFUserDefPeer.loadPeers(TCFUserDefPeer.java:116) [rigel_server-1.0.0-161.jar:?]
	at com.xilinx.rigel.services.debugger.DebuggerService$4.run(DebuggerService.java:371) [rigel_server-1.0.0-161.jar:?]
	at org.eclipse.tcf.init.EventQueue.run(EventQueue.java:68) [rigel_server-1.0.0-161.jar:?]
	at java.lang.Thread.run(Thread.java:829) [?:?]
11:32:50 INFO  : Marking the target connection as default LinuxEmulation
11:32:50 ERROR : Cannot save peer list
java.io.FileNotFoundException: C:\Users\lucmb\Desktop\school\jaar_4\KBS\ClimbingGameSoftware\blauw\.wsdata\.peers.ini (The system cannot find the path specified)
	at java.io.FileOutputStream.open0(Native Method) ~[?:?]
	at java.io.FileOutputStream.open(FileOutputStream.java:298) ~[?:?]
	at java.io.FileOutputStream.<init>(FileOutputStream.java:237) ~[?:?]
	at java.io.FileOutputStream.<init>(FileOutputStream.java:187) ~[?:?]
	at com.xilinx.rigel.debug.tcf.targets.TCFUserDefPeer.savePeers(TCFUserDefPeer.java:151) ~[rigel_server-1.0.0-161.jar:?]
	at com.xilinx.rigel.debug.tcf.targets.TCFUserDefPeer.lambda$modifyPeer$1(TCFUserDefPeer.java:68) ~[rigel_server-1.0.0-161.jar:?]
	at org.eclipse.tcf.protocol.Protocol.invokeAndWait(Protocol.java:220) [rigel_server-1.0.0-161.jar:?]
	at com.xilinx.rigel.debug.tcf.targets.TCFUserDefPeer.modifyPeer(TCFUserDefPeer.java:70) [rigel_server-1.0.0-161.jar:?]
	at com.xilinx.rigel.debug.tcf.targets.PeerUtil.createDefaultPeers(PeerUtil.java:211) [rigel_server-1.0.0-161.jar:?]
	at com.xilinx.rigel.debug.tcf.targets.TCFUserDefPeer.loadPeers(TCFUserDefPeer.java:116) [rigel_server-1.0.0-161.jar:?]
	at com.xilinx.rigel.services.debugger.DebuggerService$4.run(DebuggerService.java:371) [rigel_server-1.0.0-161.jar:?]
	at org.eclipse.tcf.init.EventQueue.run(EventQueue.java:68) [rigel_server-1.0.0-161.jar:?]
	at java.lang.Thread.run(Thread.java:829) [?:?]
11:32:50 INFO  : Marking the target connection as default QEMU
